<?xml version="1.0" encoding="UTF-8"?>
<!-- Generated by org.testng.reporters.JUnitReportReporter -->
<testsuite hostname="LAPTOP-53SU0BPD" failures="0" tests="3" name="VerifyRoomPage" time="-1663420800.000" errors="1" timestamp="2022-09-17T18:51:55 IST" skipped="2">
  <testcase classname="VerifyRoomPage" name="LounchBrowser" time="-1663420800.000">
    <error message="
Parameter &#039;browser&#039; is required by BeforeTest on method LounchBrowser but has not been marked @Optional or defined
in C:\Users\HP\AppData\Local\Temp\testng-eclipse-1652511820\testng-customsuite.xml" type="org.testng.TestNGException">
      <![CDATA[org.testng.TestNGException: 
Parameter 'browser' is required by BeforeTest on method LounchBrowser but has not been marked @Optional or defined
in C:\Users\HP\AppData\Local\Temp\testng-eclipse-1652511820\testng-customsuite.xml
at org.testng.internal.Parameters.createParams(Parameters.java:270)
at org.testng.internal.Parameters.createParametersForMethod(Parameters.java:358)
at org.testng.internal.Parameters.createParameters(Parameters.java:700)
at org.testng.internal.Parameters.createConfigurationParameters(Parameters.java:168)
at org.testng.internal.ConfigInvoker.invokeConfigurations(ConfigInvoker.java:302)
at org.testng.TestRunner.invokeTestConfigurations(TestRunner.java:637)
at org.testng.TestRunner.beforeRun(TestRunner.java:627)
at org.testng.TestRunner.run(TestRunner.java:589)
at org.testng.SuiteRunner.runTest(SuiteRunner.java:377)
at org.testng.SuiteRunner.runSequentially(SuiteRunner.java:371)
at org.testng.SuiteRunner.privateRun(SuiteRunner.java:332)
at org.testng.SuiteRunner.run(SuiteRunner.java:276)
at org.testng.SuiteRunnerWorker.runSuite(SuiteRunnerWorker.java:53)
at org.testng.SuiteRunnerWorker.run(SuiteRunnerWorker.java:96)
at org.testng.TestNG.runSuitesSequentially(TestNG.java:1212)
at org.testng.TestNG.runSuitesLocally(TestNG.java:1134)
at org.testng.TestNG.runSuites(TestNG.java:1063)
at org.testng.TestNG.run(TestNG.java:1031)
at org.testng.remote.AbstractRemoteTestNG.run(AbstractRemoteTestNG.java:115)
at org.testng.remote.RemoteTestNG.initAndRun(RemoteTestNG.java:251)
at org.testng.remote.RemoteTestNG.main(RemoteTestNG.java:77)
]]>
    </error>
  </testcase> <!-- LounchBrowser -->
  <system-out/>
  <testcase classname="VerifyRoomPage" name="A_verifyingGoBackToMessengerPage" time="0.000">
    <skipped/>
  </testcase> <!-- A_verifyingGoBackToMessengerPage -->
  <system-out/>
  <testcase classname="VerifyRoomPage" name="B_verifyingVisitHelpCenterPage" time="0.000">
    <skipped/>
  </testcase> <!-- B_verifyingVisitHelpCenterPage -->
  <system-out/>
</testsuite> <!-- VerifyRoomPage -->
